
[1;32m15025 killed[0m
[1;32m14972 killed[0m
[1;32m15118 killed[0m
4
[1;32m15693 killed[0m
[1;32m15647 killed[0m
7
[1;32m15948 killed[0m
[1;32m15923 killed[0m
10
[1;32m16351 killed[0m
[1;32m16314 killed[0m
13
[1;32m16684 killed[0m
[1;32m16668 killed[0m
16
[1;32m16980 killed[0m
[1;32m16967 killed[0m
19
[1;32m17288 killed[0m
[1;32m17259 killed[0m
[0;31mfiles_old FOLDER RESTORED 
[0;31mdatabases_old FOLDER RESTORED 
[0;31mshared_prefs_old FOLDER RESTORED 
[0;31mProgramBinaryCache_old FOLDER RESTORED 
[0;31mTGPA_old FOLDER RESTORED 
